<?xml version="1.0" encoding="UTF-8"?>
<testng-results ignored="0" total="3" passed="3" failed="0" skipped="0">
  <reporter-output>
  </reporter-output>
  <suite started-at="2023-03-19T19:07:15 CDT" name="Default suite" finished-at="2023-03-19T19:07:15 CDT" duration-ms="176">
    <groups>
    </groups>
    <test started-at="2023-03-19T19:07:15 CDT" name="Default test" finished-at="2023-03-19T19:07:15 CDT" duration-ms="176">
      <class name="testNG.Annotation_5">
        <test-method is-config="true" signature="beforeClass()[pri:0, instance:testNG.Annotation_5@8f2ef19]" started-at="2023-03-19T19:07:15 CDT" name="beforeClass" finished-at="2023-03-19T19:07:15 CDT" duration-ms="20" status="PASS">
          <reporter-output>
          </reporter-output>
        </test-method> <!-- beforeClass -->
        <test-method is-config="true" signature="beforeMethod()[pri:0, instance:testNG.Annotation_5@8f2ef19]" started-at="2023-03-19T19:07:15 CDT" name="beforeMethod" finished-at="2023-03-19T19:07:15 CDT" duration-ms="2" status="PASS">
          <reporter-output>
          </reporter-output>
        </test-method> <!-- beforeMethod -->
        <test-method signature="a()[pri:0, instance:testNG.Annotation_5@8f2ef19]" started-at="2023-03-19T19:07:15 CDT" name="a" finished-at="2023-03-19T19:07:15 CDT" duration-ms="15" status="PASS">
          <reporter-output>
          </reporter-output>
        </test-method> <!-- a -->
        <test-method is-config="true" signature="afterMethod()[pri:0, instance:testNG.Annotation_5@8f2ef19]" started-at="2023-03-19T19:07:15 CDT" name="afterMethod" finished-at="2023-03-19T19:07:15 CDT" duration-ms="1" status="PASS">
          <reporter-output>
          </reporter-output>
        </test-method> <!-- afterMethod -->
        <test-method is-config="true" signature="beforeMethod()[pri:0, instance:testNG.Annotation_5@8f2ef19]" started-at="2023-03-19T19:07:15 CDT" name="beforeMethod" finished-at="2023-03-19T19:07:15 CDT" duration-ms="5" status="PASS">
          <reporter-output>
          </reporter-output>
        </test-method> <!-- beforeMethod -->
        <test-method signature="f()[pri:0, instance:testNG.Annotation_5@8f2ef19]" started-at="2023-03-19T19:07:15 CDT" name="f" finished-at="2023-03-19T19:07:15 CDT" duration-ms="6" status="PASS">
          <reporter-output>
          </reporter-output>
        </test-method> <!-- f -->
        <test-method is-config="true" signature="afterMethod()[pri:0, instance:testNG.Annotation_5@8f2ef19]" started-at="2023-03-19T19:07:15 CDT" name="afterMethod" finished-at="2023-03-19T19:07:15 CDT" duration-ms="0" status="PASS">
          <reporter-output>
          </reporter-output>
        </test-method> <!-- afterMethod -->
        <test-method is-config="true" signature="beforeMethod()[pri:0, instance:testNG.Annotation_5@8f2ef19]" started-at="2023-03-19T19:07:15 CDT" name="beforeMethod" finished-at="2023-03-19T19:07:15 CDT" duration-ms="0" status="PASS">
          <reporter-output>
          </reporter-output>
        </test-method> <!-- beforeMethod -->
        <test-method signature="m()[pri:0, instance:testNG.Annotation_5@8f2ef19]" started-at="2023-03-19T19:07:15 CDT" name="m" finished-at="2023-03-19T19:07:15 CDT" duration-ms="3" status="PASS">
          <reporter-output>
          </reporter-output>
        </test-method> <!-- m -->
        <test-method is-config="true" signature="afterMethod()[pri:0, instance:testNG.Annotation_5@8f2ef19]" started-at="2023-03-19T19:07:15 CDT" name="afterMethod" finished-at="2023-03-19T19:07:15 CDT" duration-ms="1" status="PASS">
          <reporter-output>
          </reporter-output>
        </test-method> <!-- afterMethod -->
        <test-method is-config="true" signature="afterClass()[pri:0, instance:testNG.Annotation_5@8f2ef19]" started-at="2023-03-19T19:07:15 CDT" name="afterClass" finished-at="2023-03-19T19:07:15 CDT" duration-ms="1" status="PASS">
          <reporter-output>
          </reporter-output>
        </test-method> <!-- afterClass -->
      </class> <!-- testNG.Annotation_5 -->
    </test> <!-- Default test -->
  </suite> <!-- Default suite -->
</testng-results>
